TN:
SF:AuthContext.js
FN:11,(anonymous_0)
FN:17,(anonymous_1)
FN:27,(anonymous_2)
FN:28,(anonymous_3)
FN:43,(anonymous_4)
FN:57,(anonymous_5)
FN:67,(anonymous_6)
FN:71,(anonymous_7)
FNF:8
FNH:6
FNDA:41,(anonymous_0)
FNDA:6,(anonymous_1)
FNDA:20,(anonymous_2)
FNDA:20,(anonymous_3)
FNDA:0,(anonymous_4)
FNDA:5,(anonymous_5)
FNDA:0,(anonymous_6)
FNDA:6,(anonymous_7)
DA:9,9
DA:11,9
DA:12,41
DA:13,41
DA:14,41
DA:17,41
DA:18,6
DA:19,6
DA:20,6
DA:21,0
DA:23,6
DA:27,41
DA:28,20
DA:29,20
DA:30,20
DA:31,20
DA:33,20
DA:34,1
DA:35,1
DA:37,1
DA:38,0
DA:39,0
DA:42,0
DA:43,0
DA:45,1
DA:49,0
DA:51,20
DA:54,20
DA:57,41
DA:58,5
DA:59,5
DA:60,5
DA:61,5
DA:63,5
DA:64,5
DA:65,5
DA:66,0
DA:67,0
DA:71,41
DA:72,6
DA:73,6
DA:74,6
DA:75,6
DA:78,41
LF:44
LH:36
BRDA:33,0,0,1
BRDA:33,0,1,19
BRDA:33,1,0,20
BRDA:33,1,1,1
BRDA:37,2,0,0
BRDA:37,2,1,1
BRDA:37,3,0,1
BRDA:37,3,1,0
BRDA:37,3,2,0
BRDA:65,4,0,0
BRDA:65,4,1,5
BRDA:65,5,0,5
BRDA:65,5,1,0
BRDA:65,5,2,0
BRF:14
BRH:8
end_of_record
TN:
SF:components\Background.js
FN:17,(anonymous_0)
FNF:1
FNH:1
FNDA:10,(anonymous_0)
DA:17,3
DA:18,10
LF:2
LH:2
BRF:0
BRH:0
end_of_record
TN:
SF:components\Checkbox.js
FN:15,(anonymous_0)
FN:23,(anonymous_1)
FNF:2
FNH:0
FNDA:0,(anonymous_0)
FNDA:0,(anonymous_1)
DA:15,0
DA:16,0
DA:18,0
DA:24,0
LF:4
LH:0
BRDA:22,0,0,0
BRDA:22,0,1,0
BRF:2
BRH:0
end_of_record
TN:
SF:components\LoginForm.js
FN:22,LoginForm
FN:31,(anonymous_1)
FN:109,(anonymous_2)
FN:127,(anonymous_3)
FNF:4
FNH:3
FNDA:32,LoginForm
FNDA:4,(anonymous_1)
FNDA:0,(anonymous_2)
FNDA:4,(anonymous_3)
DA:23,32
DA:24,32
DA:25,32
DA:26,32
DA:27,32
DA:28,32
DA:29,32
DA:31,32
DA:32,4
DA:34,4
DA:35,4
DA:37,4
DA:40,4
DA:45,4
DA:46,2
DA:48,1
DA:49,0
DA:51,1
DA:53,1
DA:59,3
DA:61,4
DA:66,32
DA:68,0
DA:71,32
DA:109,0
DA:127,4
LF:26
LH:23
BRDA:32,0,0,0
BRDA:32,0,1,4
BRDA:32,1,0,4
BRDA:32,1,1,4
BRDA:37,2,0,4
BRDA:37,2,1,0
BRDA:46,3,0,1
BRDA:46,3,1,1
BRDA:46,4,0,1
BRDA:46,4,1,0
BRDA:48,5,0,0
BRDA:48,5,1,1
BRDA:66,6,0,0
BRDA:66,6,1,32
BRDA:73,7,0,32
BRDA:73,7,1,0
BRDA:77,8,0,29
BRDA:77,8,1,3
BRDA:112,9,0,0
BRDA:112,9,1,32
BRDA:117,10,0,4
BRDA:117,10,1,28
BRDA:122,11,0,25
BRDA:122,11,1,3
BRDA:127,12,0,2
BRDA:127,12,1,2
BRDA:129,13,0,29
BRDA:129,13,1,3
BRF:28
BRH:21
end_of_record
TN:
SF:components\NavigationButton.js
FN:18,(anonymous_0)
FN:21,(anonymous_1)
FNF:2
FNH:2
FNDA:54,(anonymous_0)
FNDA:5,(anonymous_1)
DA:18,6
DA:19,54
DA:21,54
DA:22,5
DA:23,3
DA:24,2
DA:25,2
DA:26,1
DA:28,1
DA:33,54
LF:10
LH:10
BRDA:22,0,0,3
BRDA:22,0,1,2
BRDA:24,1,0,2
BRDA:24,1,1,0
BRDA:25,2,0,1
BRDA:25,2,1,1
BRF:6
BRH:5
end_of_record
TN:
SF:screens\GameMenu.js
FN:13,GameMenu
FNF:1
FNH:0
FNDA:0,GameMenu
DA:14,0
LF:1
LH:0
BRF:0
BRH:0
end_of_record
TN:
SF:screens\Home.js
FN:15,Home
FN:19,(anonymous_1)
FNF:2
FNH:2
FNDA:10,Home
FNDA:3,(anonymous_1)
DA:16,10
DA:17,10
DA:19,10
DA:20,3
DA:21,3
DA:27,10
LF:6
LH:6
BRF:0
BRH:0
end_of_record
TN:
SF:screens\Login.js
FN:11,Login
FNF:1
FNH:0
FNDA:0,Login
DA:12,0
LF:1
LH:0
BRF:0
BRH:0
end_of_record
TN:
SF:screens\SelectStudyTime.js
FN:12,SelectStudyTime
FNF:1
FNH:0
FNDA:0,SelectStudyTime
DA:13,0
LF:1
LH:0
BRF:0
BRH:0
end_of_record
TN:
SF:screens\Settings.js
FN:17,Settings
FNF:1
FNH:0
FNDA:0,Settings
DA:18,0
LF:1
LH:0
BRF:0
BRH:0
end_of_record
TN:
SF:screens\Statistics.js
FN:15,Statistics
FN:23,(anonymous_1)
FN:24,(anonymous_2)
FN:47,(anonymous_3)
FN:51,(anonymous_4)
FN:70,(anonymous_5)
FN:73,(anonymous_6)
FN:82,(anonymous_7)
FN:83,(anonymous_8)
FN:85,(anonymous_9)
FN:92,(anonymous_10)
FN:95,(anonymous_11)
FN:96,(anonymous_12)
FN:97,(anonymous_13)
FN:139,(anonymous_14)
FN:149,(anonymous_15)
FN:210,(anonymous_16)
FNF:17
FNH:0
FNDA:0,Statistics
FNDA:0,(anonymous_1)
FNDA:0,(anonymous_2)
FNDA:0,(anonymous_3)
FNDA:0,(anonymous_4)
FNDA:0,(anonymous_5)
FNDA:0,(anonymous_6)
FNDA:0,(anonymous_7)
FNDA:0,(anonymous_8)
FNDA:0,(anonymous_9)
FNDA:0,(anonymous_10)
FNDA:0,(anonymous_11)
FNDA:0,(anonymous_12)
FNDA:0,(anonymous_13)
FNDA:0,(anonymous_14)
FNDA:0,(anonymous_15)
FNDA:0,(anonymous_16)
DA:16,0
DA:17,0
DA:18,0
DA:19,0
DA:20,0
DA:21,0
DA:23,0
DA:24,0
DA:25,0
DA:26,0
DA:27,0
DA:28,0
DA:29,0
DA:32,0
DA:33,0
DA:34,0
DA:35,0
DA:37,0
DA:38,0
DA:40,0
DA:44,0
DA:47,0
DA:48,0
DA:49,0
DA:51,0
DA:52,0
DA:53,0
DA:56,0
DA:57,0
DA:61,0
DA:62,0
DA:64,0
DA:67,0
DA:70,0
DA:71,0
DA:72,0
DA:73,0
DA:74,0
DA:75,0
DA:78,0
DA:79,0
DA:82,0
DA:83,0
DA:85,0
DA:86,0
DA:87,0
DA:88,0
DA:89,0
DA:92,0
DA:93,0
DA:95,0
DA:96,0
DA:97,0
DA:98,0
DA:101,0
DA:102,0
DA:115,0
DA:116,0
DA:130,0
DA:131,0
DA:139,0
DA:147,0
DA:148,0
DA:149,0
DA:151,0
DA:211,0
LF:66
LH:0
BRDA:25,0,0,0
BRDA:25,0,1,0
BRDA:32,1,0,0
BRDA:32,1,1,0
BRDA:56,2,0,0
BRDA:56,2,1,0
BRDA:56,3,0,0
BRDA:56,3,1,0
BRDA:61,4,0,0
BRDA:61,4,1,0
BRDA:74,5,0,0
BRDA:74,5,1,0
BRDA:74,6,0,0
BRDA:74,6,1,0
BRDA:86,7,0,0
BRDA:86,7,1,0
BRDA:89,8,0,0
BRDA:89,8,1,0
BRDA:101,9,0,0
BRDA:101,9,1,0
BRDA:115,10,0,0
BRDA:115,10,1,0
BRDA:130,11,0,0
BRDA:130,11,1,0
BRDA:147,12,0,0
BRDA:147,12,1,0
BRDA:202,13,0,0
BRDA:202,13,1,0
BRDA:207,14,0,0
BRDA:207,14,1,0
BRDA:219,15,0,0
BRDA:219,15,1,0
BRF:32
BRH:0
end_of_record
TN:
SF:screens\Studying.js
FN:15,Studying
FN:24,(anonymous_1)
FN:34,(anonymous_2)
FN:36,(anonymous_3)
FN:55,(anonymous_4)
FN:60,(anonymous_5)
FN:77,(anonymous_6)
FN:84,(anonymous_7)
FN:114,(anonymous_8)
FN:117,(anonymous_9)
FN:137,(anonymous_10)
FNF:11
FNH:0
FNDA:0,Studying
FNDA:0,(anonymous_1)
FNDA:0,(anonymous_2)
FNDA:0,(anonymous_3)
FNDA:0,(anonymous_4)
FNDA:0,(anonymous_5)
FNDA:0,(anonymous_6)
FNDA:0,(anonymous_7)
FNDA:0,(anonymous_8)
FNDA:0,(anonymous_9)
FNDA:0,(anonymous_10)
DA:16,0
DA:17,0
DA:18,0
DA:19,0
DA:20,0
DA:21,0
DA:24,0
DA:25,0
DA:26,0
DA:28,0
DA:30,0
DA:34,0
DA:35,0
DA:36,0
DA:37,0
DA:38,0
DA:39,0
DA:41,0
DA:44,0
DA:45,0
DA:46,0
DA:47,0
DA:50,0
DA:55,0
DA:60,0
DA:61,0
DA:62,0
DA:63,0
DA:64,0
DA:66,0
DA:67,0
DA:69,0
DA:70,0
DA:71,0
DA:73,0
DA:77,0
DA:78,0
DA:79,0
DA:80,0
DA:84,0
DA:85,0
DA:86,0
DA:89,0
DA:92,0
DA:93,0
DA:114,0
DA:117,0
DA:124,0
DA:137,0
LF:49
LH:0
BRDA:25,0,0,0
BRDA:25,0,1,0
BRDA:35,1,0,0
BRDA:35,1,1,0
BRDA:38,2,0,0
BRDA:38,2,1,0
BRDA:44,3,0,0
BRDA:44,3,1,0
BRDA:63,4,0,0
BRDA:63,4,1,0
BRDA:66,5,0,0
BRDA:66,5,1,0
BRDA:85,6,0,0
BRDA:85,6,1,0
BRDA:92,7,0,0
BRDA:92,7,1,0
BRDA:102,8,0,0
BRDA:102,8,1,0
BRF:18
BRH:0
end_of_record
TN:
SF:util\formatString.js
FN:5,createClock
FN:32,timeToString
FNF:2
FNH:0
FNDA:0,createClock
FNDA:0,timeToString
DA:6,0
DA:7,0
DA:8,0
DA:9,0
DA:11,0
DA:12,0
DA:14,0
DA:15,0
DA:17,0
DA:18,0
DA:21,0
DA:22,0
DA:23,0
DA:24,0
DA:25,0
DA:26,0
DA:28,0
DA:33,0
DA:34,0
DA:35,0
DA:36,0
DA:38,0
DA:39,0
DA:40,0
DA:41,0
DA:42,0
DA:43,0
DA:45,0
LF:28
LH:0
BRDA:11,0,0,0
BRDA:11,0,1,0
BRDA:11,1,0,0
BRDA:11,1,1,0
BRDA:14,2,0,0
BRDA:14,2,1,0
BRDA:14,3,0,0
BRDA:14,3,1,0
BRDA:17,4,0,0
BRDA:17,4,1,0
BRDA:17,5,0,0
BRDA:17,5,1,0
BRDA:21,6,0,0
BRDA:21,6,1,0
BRDA:23,7,0,0
BRDA:23,7,1,0
BRDA:25,8,0,0
BRDA:25,8,1,0
BRDA:38,9,0,0
BRDA:38,9,1,0
BRDA:39,10,0,0
BRDA:39,10,1,0
BRDA:39,11,0,0
BRDA:39,11,1,0
BRDA:39,12,0,0
BRDA:39,12,1,0
BRDA:39,13,0,0
BRDA:39,13,1,0
BRDA:40,14,0,0
BRDA:40,14,1,0
BRDA:41,15,0,0
BRDA:41,15,1,0
BRDA:41,16,0,0
BRDA:41,16,1,0
BRDA:41,17,0,0
BRDA:41,17,1,0
BRDA:42,18,0,0
BRDA:42,18,1,0
BRDA:43,19,0,0
BRDA:43,19,1,0
BRDA:43,20,0,0
BRDA:43,20,1,0
BRDA:45,21,0,0
BRDA:45,21,1,0
BRF:44
BRH:0
end_of_record
